WorkerThreadPool: 16 threads, 4 max low-priority.
Godot Engine v4.4.1.stable.official.49a5bc7b6 - https://godotengine.org
TextServer: Added interface "Dummy"
TextServer: Added interface "ICU / HarfBuzz / Graphite (Built-in)"
Native OpenGL API detected: 3.3: NVIDIA - NVIDIA GeForce RTX 3090
NVAPI: Init OK!
NVAPI: Profile not found, creating...
NVAPI: Application not found in profile, creating...
NVAPI: Error saving settings: NVAPI_ERROR(code -1)
Using "winink" pen tablet driver...
Shader 'CanvasSdfShaderGLES3' SHA256: 79f245931ae93d88423c527794efe258a1af1643a1561a74b22944509e013bec
Shader 'SkeletonShaderGLES3' SHA256: db23272537b8566ce8d29508b3da10e302b3c8f02b5698e7065ca0159b580b53
Shader 'ParticlesShaderGLES3' SHA256: 6424478f204eb452254758ad3b88e7d3fc8dd3c0a9bf04725197278ae42c65be
Shader 'ParticlesCopyShaderGLES3' SHA256: c2ccb3f16bb723ceb4e4aa50d981170c32959c76c1013f3873ba7fb6210cd017
Shader 'CopyShaderGLES3' SHA256: abdb569655eafffadee6b6f035ecb7933d1c5605d1ec1d4c47ea513873597a2a
Shader 'CubemapFilterShaderGLES3' SHA256: b11d171d7d24798a29ba63c4e61e2f160bae71c40924c01053c845adf7701e26
Shader 'GlowShaderGLES3' SHA256: 2737ace8e1214711346a8399a8685242ce8bb5be4def3c48171da0fb30e5d098
Shader 'PostShaderGLES3' SHA256: dcbf600c1e95997db8792e86d091545517b98483952dba80e58f8a1462802c98
Shader 'FeedShaderGLES3' SHA256: 0424a9e9e0cc39c1ea4479022d2b99eedca000c04e7872112d02c76c545423a7
Shader 'CanvasShaderGLES3' SHA256: 098883ffea494fe01cbfa9aed7be7651880e66f29e6c2e7e3cdf17f27721ccad
Shader 'CanvasOcclusionShaderGLES3' SHA256: 5aff5441464583b0499dd91091148ed13cd24dc02c8adfb0b58c3f242f2c4c3e
Shader 'SceneShaderGLES3' SHA256: bc31cc42b7b924fd2b3d71937b7969c9641accb02a6c504bfedecbed5d8ce77c
Shader 'SkyShaderGLES3' SHA256: a5b8f36b678118f97fc59a52fa17fc6e620869097d5983498bde3881a90748e2
OpenGL API 3.3.0 NVIDIA 580.97 - Compatibility - Using Device: NVIDIA - NVIDIA GeForce RTX 3090
WASAPI: Activated output_device using IAudioClient3 interface
WASAPI: wFormatTag = 65534
WASAPI: nChannels = 2
WASAPI: nSamplesPerSec = 48000
WASAPI: nAvgBytesPerSec = 384000
WASAPI: nBlockAlign = 8
WASAPI: wBitsPerSample = 32
WASAPI: cbSize = 22
WASAPI: mix_rate = 48000
WASAPI: fundamental_period_frames = 480
WASAPI: min_period_frames = 480
WASAPI: max_period_frames = 480
WASAPI: selected a period frame size of 480
WASAPI: detected 2 channels
WASAPI: audio buffer frames: 480 calculated latency: 10ms

TextServer: Primary interface set to: "ICU / HarfBuzz / Graphite (Built-in)".
CORE API HASH: 4052744068
EDITOR API HASH: 910296392
Loading resource: res://src/autoload/App.gd
Loading resource: res://src/autoload/Content.gd
Loading resource: res://src/autoload/Save.gd
Loading resource: res://src/autoload/SFX.gd
Loading resource: res://art/sfx/UIClick_UI Click 33_CB Sounddesign_ACTIVATION2.wav
Loading resource: res://.godot/imported/UIClick_UI Click 33_CB Sounddesign_ACTIVATION2.wav-84cbd19321e2d78f3abeaabc24fe4057.sample
Loading resource: res://art/sfx/UIMisc_Feedback 36 up_CB Sounddesign_ACTIVATION2.wav
Loading resource: res://.godot/imported/UIMisc_Feedback 36 up_CB Sounddesign_ACTIVATION2.wav-c19e4e0945caaa2df7f51892965cc457.sample
Loading resource: res://art/sfx/Bluezone_BC0303_futuristic_user_interface_alert_003.wav
Loading resource: res://.godot/imported/Bluezone_BC0303_futuristic_user_interface_alert_003.wav-2089dde41566dd600266a17e6f27652f.sample
Loading resource: res://art/sfx/Bluezone_BC0303_futuristic_user_interface_high_tech_beep_038.wav
Loading resource: res://.godot/imported/Bluezone_BC0303_futuristic_user_interface_high_tech_beep_038.wav-73de546791e86bc6b3e62d8cec7a8822.sample
Loading resource: res://art/sfx/UIData_Counter mid 54_CB Sounddesign_ACTIVATION2.wav
Loading resource: res://.godot/imported/UIData_Counter mid 54_CB Sounddesign_ACTIVATION2.wav-e5620a84f3745d9dba13ee383cd52ce7.sample
Loading resource: res://art/sfx/Bluezone_BC0303_futuristic_user_interface_transition_006.wav
Loading resource: res://.godot/imported/Bluezone_BC0303_futuristic_user_interface_transition_006.wav-6847040b35f8b7874545d209e617b52c.sample
Loading resource: res://art/sfx/Bluezone_BC0303_futuristic_user_interface_data_glitch_003.wav
Loading resource: res://.godot/imported/Bluezone_BC0303_futuristic_user_interface_data_glitch_003.wav-6c0621f3d1eed8f89dc6ce3805b6945e.sample
Loading resource: res://src/autoload/Logger.gd
Loading resource: res://src/autoload/Experience.gd
Loaded system CA certificates
Loading resource: res://scenes/core/MainWithSplash.tscn
Loading resource: res://src/core/GameMain.gd
Loading resource: res://scenes/views/SplashScreen.tscn
Loading resource: res://src/views/SplashScreen.gd
Loading resource: res://scenes/views/UnifiedMenu.tscn
Loading resource: res://src/views/UnifiedMenu.gd
Loading resource: res://art/env/main.png
Loading resource: res://.godot/imported/main.png-977c82932ea6ebaadd50bbcb8a7c78c6.ctex
Loading resource: res://art/logo/logo.png
Loading resource: res://.godot/imported/logo.png-55618e62a82b6226ea411493c772c2cb.ctex
Loading resource: res://scenes/core/Main.tscn
Loading resource: res://src/ui/ScreenManager.gd
Loading resource: res://scenes/views/StoreView.tscn
Loading resource: res://src/views/StoreView.gd
SCRIPT ERROR: Parse Error: Function "_ready" has the same name as a previously declared function.
   at: GDScript::reload (res://src/views/StoreView.gd:72)
ERROR: Failed to load script "res://src/views/StoreView.gd" with error "Parse error".
   at: load (modules/gdscript/gdscript.cpp:3022)
Loading resource: res://scenes/ui/InventoryPanel.tscn
Loading resource: res://src/ui/InventoryPanel.gd
SCRIPT ERROR: Parse Error: Function "_ready" has the same name as a previously declared function.
   at: GDScript::reload (res://src/ui/InventoryPanel.gd:44)
ERROR: Failed to load script "res://src/ui/InventoryPanel.gd" with error "Parse error".
   at: load (modules/gdscript/gdscript.cpp:3022)
SCRIPT ERROR: Parse Error: Could not parse global class "StoreView" from "res://src/views/StoreView.gd".
   at: GDScript::reload (res://src/ui/ScreenManager.gd:25)
SCRIPT ERROR: Parse Error: Could not parse global class "InventoryPanel" from "res://src/ui/InventoryPanel.gd".
   at: GDScript::reload (res://src/ui/ScreenManager.gd:27)
ERROR: Failed to load script "res://src/ui/ScreenManager.gd" with error "Parse error".
   at: load (modules/gdscript/gdscript.cpp:3022)
Loading resource: res://src/ui/BottomTabs.gd
SCRIPT ERROR: Parse Error: Expected statement, found "else" instead.
   at: GDScript::reload (res://src/ui/BottomTabs.gd:29)
ERROR: Failed to load script "res://src/ui/BottomTabs.gd" with error "Parse error".
   at: load (modules/gdscript/gdscript.cpp:3022)
Loading resource: res://src/ui/TopBar.gd
Loading resource: res://src/views/FishingView.gd
Loading resource: res://src/views/PrestigeView.gd
Loading resource: res://src/views/MarketView.gd
Loading resource: res://src/views/UpgradesView.gd
Loading resource: res://src/views/MapView.gd
Loading resource: res://data/fish/fish_calamar.tres
Loading resource: res://art/fish/calamar.png
Loading resource: res://.godot/imported/calamar.png-162934e9f0f911c6d4325dbcac5714a4.ctex
Loading resource: res://data/fish/fish_cangrejo.tres
Loading resource: res://art/fish/cangrejo.png
Loading resource: res://.godot/imported/cangrejo.png-09ec124fd9b566530377a5f51f42f1ac.ctex
Loading resource: res://data/fish/fish_langosta.tres
Loading resource: res://art/fish/langosta.png
Loading resource: res://.godot/imported/langosta.png-08c7b2129dd7764969f71c4c35d1d103.ctex
Loading resource: res://data/fish/fish_lubina.tres
Loading resource: res://art/fish/lubina.png
Loading resource: res://.godot/imported/lubina.png-a7e22e8053d71cd532c62f0953349737.ctex
Loading resource: res://data/fish/fish_mantaraya.tres
Loading resource: res://art/fish/mantaraya.png
Loading resource: res://.godot/imported/mantaraya.png-1c9653ab4f6eb15bce46de2641d2f1b7.ctex
Loading resource: res://data/fish/fish_pezglobo.tres
Loading resource: res://art/fish/pezglobo.png
Loading resource: res://.godot/imported/pezglobo.png-17e0460dcc3caa8f8f01f30e0e11da46.ctex
Loading resource: res://data/fish/fish_pulpo.tres
Loading resource: res://art/fish/pulpo.png
Loading resource: res://.godot/imported/pulpo.png-e5bc9276b6b636c0546ab4405a6bc854.ctex
Loading resource: res://data/fish/fish_pulpo_dorado.tres
Loading resource: res://data/fish/fish_salmon.tres
Loading resource: res://art/fish/salmon.png
Loading resource: res://.godot/imported/salmon.png-a52616f5fedb7685aaf0f0c66923a706.ctex
Loading resource: res://data/fish/fish_sardina.tres
Loading resource: res://art/fish/sardina.png
Loading resource: res://.godot/imported/sardina.png-cb60a9e3add56485d2571417be265803.ctex
Loading resource: res://data/fish/fish_trucha.tres
Loading resource: res://art/fish/trucha.png
Loading resource: res://.godot/imported/trucha.png-e0b20c0ee24a0e340b12e9ff1f36067e.ctex
Loading resource: res://data/zones/zone_abismo.tres
Loading resource: res://data/loot_tables/entry_mantaraya.tres
Loading resource: res://data/loot_tables/entry_pulpo.tres
Loading resource: res://data/zones/zone_costa.tres
Loading resource: res://data/loot_tables/entry_sardina.tres
Loading resource: res://data/loot_tables/entry_cangrejo.tres
Loading resource: res://data/loot_tables/entry_calamar.tres
Loading resource: res://data/loot_tables/entry_lubina.tres
Loading resource: res://data/loot_tables/entry_langosta.tres
Loading resource: res://data/zones/zone_glaciar.tres
Loading resource: res://data/loot_tables/entry_salmon.tres
Loading resource: res://data/loot_tables/entry_trucha.tres
Loading resource: res://data/zones/zone_industrial.tres
Loading resource: res://data/loot_tables/entry_pezglobo.tres
Loading resource: res://data/zones/zone_infernal.tres
Loading resource: res://data/loot_tables/entry_pulpo_dorado.tres
Loading resource: res://data/zones/zone_lago.tres
Loading resource: res://data/zones/zone_mar.tres
Loading resource: res://data/zones/zone_orilla.tres
Loading resource: res://data/zones/zone_rio.tres
Loading resource: res://data/loot_tables/zone_orilla_table.tres
Loading resource: res://src/resources/LootTable.gd
Loading resource: res://data/equipment/rod_basic.tres
Loading resource: res://src/resources/ToolDef.gd
Loading resource: res://data/upgrades/upgrade_fridge.tres
Loading resource: res://src/resources/UpgradeDef.gd
Loading resource: res://data/store/gems_120.tres
Loading resource: res://src/resources/StoreItemDef.gd
Game loaded: 1000.0 coins, 25.0 gems
­ƒÄ« GameMain: Inicializando sistema limpio...
­ƒÄ» Configurando Splash Screen desde .tscn...
Ô£à Logo referenciado desde .tscn (sin modificaciones)
Ô£à Bot├│n de opciones configurado en esquina superior derecha
­ƒöä Iniciando secuencia de carga...
Ô£à Splash Screen cargado desde .tscn limpio
Ô£à Carga completa - esperando input del usuario
Ô£à Carga completa - esperando input del usuario
Ô£à Carga completa - esperando input del usuario
Ô£à Carga completa - esperando input del usuario
Ô£à Carga completa - esperando input del usuario
Ô£à Carga completa - esperando input del usuario
­ƒÄ» Usuario presion├│ para continuar - emitiendo splash_finished
­ƒÄ» Splash finalizado - cargando juego principal...
FishingView ready
­ƒÄ« Juego principal cargado
TopBar: Settings button pressed
TopBar: Gems button pressed
TopBar: Level button pressed
XR: Clearing primary interface
XR: Removed interface "Native mobile"
XR: Removed interface "OpenXR"
WARNING: ObjectDB instances leaked at exit (run with --verbose for details).
   at: cleanup (core/object/object.cpp:2378)
Leaked instance: GDScriptNativeClass:9223372048884040342
Leaked instance: GDScript:9223372063044011325 - Resource path: res://src/systems/ContentIndex.gd
ERROR: Cannot get path of node as it is not in a scene tree.
   at: get_path (scene/main/node.cpp:2345)
Leaked instance: Node:50969183573 - Node path: 
Leaked instance: SceneTreeTimer:9223372111681160739
Hint: Leaked instances typically happen when nodes are removed from the scene tree (with `remove_child()`) but not freed (with `free()` or `queue_free()`).
ERROR: 1 resources still in use at exit.
   at: clear (core/io/resource.cpp:609)
Resource still in use: res://src/systems/ContentIndex.gd (GDScript)
Orphan StringName: _enter_tree (static: 0, total: 1)
Orphan StringName: _set_path_cache (static: 0, total: 1)
Orphan StringName: _reset_state (static: 0, total: 1)
Orphan StringName: _unhandled_input (static: 0, total: 1)
Orphan StringName: _ready (static: 0, total: 1)
Orphan StringName: _exit_tree (static: 0, total: 1)
Orphan StringName: _setup_local_to_scene (static: 0, total: 1)
Orphan StringName: load_all (static: 0, total: 1)
Orphan StringName: _input (static: 0, total: 1)
Orphan StringName: _shortcut_input (static: 0, total: 1)
Orphan StringName: timeout (static: 2, total: 3)
Orphan StringName: _process (static: 0, total: 1)
Orphan StringName: Node (static: 5, total: 6)
Orphan StringName: _unhandled_key_input (static: 0, total: 1)
Orphan StringName: _get_configuration_warnings (static: 0, total: 1)
Orphan StringName: ContentIndex (static: 0, total: 3)
Orphan StringName: _get_rid (static: 0, total: 1)
Orphan StringName: _physics_process (static: 0, total: 1)
StringName: 18 unclaimed string names at exit.
